<?xml version="1.0" encoding="UTF-8"?>
<!-- Generated by org.testng.reporters.JUnitReportReporter -->
<testsuite hostname="INIPAESLP000041" name="Log4j_sampletests.Testlog4j" tests="1" failures="0" timestamp="16 Dec 2019 19:00:53 GMT" time="21.442" errors="0">
  <testcase name="testCase1" time="21.442" classname="Log4j_sampletests.Testlog4j"/>
</testsuite> <!-- Log4j_sampletests.Testlog4j -->
