<?xml version="1.0" encoding="UTF-8"?>
<!-- Generated by org.testng.reporters.JUnitReportReporter -->
<testsuite skipped="0" hostname="INIPAESLP000041" name="Log4j_sampletests.Testlog4j" tests="1" failures="0" timestamp="17 Dec 2019 18:39:45 GMT" time="15.728" errors="0">
  <testcase name="testCase1" time="15.728" classname="Log4j_sampletests.Testlog4j"/>
</testsuite> <!-- Log4j_sampletests.Testlog4j -->
